2022-04-21 10:31:25 AM BEGIN
2022-04-21 10:31:25 AM Script name: /opt/anaconda3/envs/UB/bin/denss.py
2022-04-21 10:31:25 AM DENSS Version: 1.6.5
2022-04-21 10:31:25 AM Data filename: ../6lyz.dat
2022-04-21 10:31:25 AM Output prefix: result
2022-04-21 10:31:25 AM Mode: SLOW
2022-04-21 10:31:25 AM q range of input data: 0.000 < q < 1.580
2022-04-21 10:31:25 AM Maximum dimension: 42.000
2022-04-21 10:31:25 AM Sampling ratio: 3.000
2022-04-21 10:31:25 AM Requested real space voxel size: 1.969
2022-04-21 10:31:25 AM Number of electrons: 10000.000
2022-04-21 10:31:25 AM Recenter: True
2022-04-21 10:31:25 AM Recenter Steps: [501, 1001, 1501, 2001, 2501, 3001, 3501, 4001, 4501, 5001, 5501, 6001, 6501, 7001, 7501, 8001]
2022-04-21 10:31:25 AM Recenter Mode: com
2022-04-21 10:31:25 AM NCS: 0
2022-04-21 10:31:25 AM NCS Steps: [3000, 5000, 7000, 9000]
2022-04-21 10:31:25 AM NCS Axis: 1
2022-04-21 10:31:25 AM Positivity: True
2022-04-21 10:31:25 AM Extrapolate high q: True
2022-04-21 10:31:25 AM Shrinkwrap: True
2022-04-21 10:31:25 AM Shrinkwrap Old Method: False
2022-04-21 10:31:25 AM Shrinkwrap sigma start (angstroms): 5.90625
2022-04-21 10:31:25 AM Shrinkwrap sigma end (angstroms): 2.953125
2022-04-21 10:31:25 AM Shrinkwrap sigma start (voxels): 3.0
2022-04-21 10:31:25 AM Shrinkwrap sigma end (voxels): 1.5
2022-04-21 10:31:25 AM Shrinkwrap sigma decay: 0.99
2022-04-21 10:31:25 AM Shrinkwrap threshold fraction: 0.2
2022-04-21 10:31:25 AM Shrinkwrap iterations: 20
2022-04-21 10:31:25 AM Shrinkwrap starting step: 1000
2022-04-21 10:31:25 AM Enforce connectivity: True
2022-04-21 10:31:25 AM Enforce connectivity steps: [2000]
2022-04-21 10:31:25 AM Chi2 end fraction: 1.000e-03
2022-04-21 10:31:25 AM Maximum number of steps: 11000
2022-04-21 10:31:25 AM Grid size (voxels): 64 x 64 x 64
2022-04-21 10:31:25 AM Real space box width (angstroms): 126.000
2022-04-21 10:31:25 AM Real space box range (angstroms): -63.000 < x < 63.000
2022-04-21 10:31:25 AM Real space box volume (angstroms^3): 2000376.000
2022-04-21 10:31:25 AM Real space voxel size (angstroms): 1.969
2022-04-21 10:31:25 AM Real space voxel volume (angstroms^3): 7.631
2022-04-21 10:31:25 AM Reciprocal space box width (angstroms^(-1)): 3.142
2022-04-21 10:31:25 AM Reciprocal space box range (angstroms^(-1)): -1.596 < qx < 1.546
2022-04-21 10:31:25 AM Maximum q vector (diagonal) (angstroms^(-1)): 2.764
2022-04-21 10:31:25 AM Number of q shells: 55
2022-04-21 10:31:25 AM Width of q shells (angstroms^(-1)): 0.050
2022-04-21 10:31:25 AM Random seed: 42
2022-04-21 10:31:25 AM Regularized scaling mode: False
2022-04-21 10:31:25 AM Regularized scaling method: patch
2022-04-21 10:31:25 AM Optimization method: L-BFGS-B
2022-04-21 10:31:25 AM Including len(x): True
2022-04-21 10:31:25 AM Regularization beta: 1.000
2022-04-21 10:31:25 AM Number of patches: 10
2022-04-21 10:31:25 AM Step when regularized scaling kicks in: 2000
2022-04-21 10:31:25 AM Frequency of regularized scaling: 1
2022-04-21 10:31:25 AM Step     0:  5.90e+05  49.15        2000376          
2022-04-21 10:31:39 AM Step   500:  8.89e+00  21.31        2000376          
2022-04-21 10:31:53 AM Step  1000:  2.08e+00  14.25        2000376          
2022-04-21 10:32:07 AM Step  1500:  1.09e-02  14.95        79780          
2022-04-21 10:32:20 AM Step  2000:  2.50e-02  14.65        26044          
2022-04-21 10:32:33 AM Step  2500:  6.77e-03  14.78        24685          
2022-04-21 10:32:47 AM Step  3000:  2.07e-03  14.81        24731          
2022-04-21 10:33:00 AM Step  3500:  4.70e-03  14.83        24723          
2022-04-21 10:33:14 AM Step  4000:  3.03e-03  14.83        24777          
2022-04-21 10:33:26 AM Step  4500:  2.85e-03  14.84        24777          
2022-04-21 10:33:40 AM Step  5000:  2.56e-03  14.84        24784          
2022-04-21 10:33:49 AM FINISHED DENSITY REFINEMENT
2022-04-21 10:33:49 AM Number of steps: 5385
2022-04-21 10:33:49 AM Final Chi2: 2.457e-03
2022-04-21 10:33:49 AM Final Rg: 14.841
2022-04-21 10:33:49 AM Final Support Volume: 24807.825
2022-04-21 10:33:49 AM Mean Density (all voxels): 0.00500
2022-04-21 10:33:49 AM Std. Dev. of Density (all voxels): 0.05681
2022-04-21 10:33:49 AM RMSD of Density (all voxels): 0.05703
2022-04-21 10:33:49 AM Modified Mean Density (voxels >0.01*max): 0.42382
2022-04-21 10:33:49 AM Modified Std. Dev. of Density (voxels >0.01*max): 0.31118
2022-04-21 10:33:49 AM Modified RMSD of Density (voxels >0.01*max): 0.52579
2022-04-21 10:33:51 AM END
